0 info it worked if it ends with ok
1 verbose cli [ '/usr/local/bin/node', '/usr/local/bin/npm', 'run', 'build' ]
2 info using npm@3.10.6
3 info using node@v4.4.5
4 verbose run-script [ 'prebuild', 'build', 'postbuild' ]
5 info lifecycle WebSynthRack@1.0.0~prebuild: WebSynthRack@1.0.0
6 silly lifecycle WebSynthRack@1.0.0~prebuild: no script for prebuild, continuing
7 info lifecycle WebSynthRack@1.0.0~build: WebSynthRack@1.0.0
8 verbose lifecycle WebSynthRack@1.0.0~build: unsafe-perm in lifecycle true
9 verbose lifecycle WebSynthRack@1.0.0~build: PATH: /usr/local/lib/node_modules/npm/bin/node-gyp-bin:/Users/funkrailroad/Desktop/code/SynthRack/Additor/src/node_modules/.bin:/Library/Frameworks/Python.framework/Versions/3.5/bin:/usr/local/bin:/usr/bin:/bin:/usr/sbin:/sbin:/opt/X11/bin
10 verbose lifecycle WebSynthRack@1.0.0~build: CWD: /Users/funkrailroad/Desktop/code/SynthRack/Additor/src
11 silly lifecycle WebSynthRack@1.0.0~build: Args: [ '-c', 'babel src -d lib' ]
12 silly lifecycle WebSynthRack@1.0.0~build: Returned: code: 2  signal: null
13 info lifecycle WebSynthRack@1.0.0~build: Failed to exec build script
14 verbose stack Error: WebSynthRack@1.0.0 build: `babel src -d lib`
14 verbose stack Exit status 2
14 verbose stack     at EventEmitter.<anonymous> (/usr/local/lib/node_modules/npm/lib/utils/lifecycle.js:255:16)
14 verbose stack     at emitTwo (events.js:87:13)
14 verbose stack     at EventEmitter.emit (events.js:172:7)
14 verbose stack     at ChildProcess.<anonymous> (/usr/local/lib/node_modules/npm/lib/utils/spawn.js:40:14)
14 verbose stack     at emitTwo (events.js:87:13)
14 verbose stack     at ChildProcess.emit (events.js:172:7)
14 verbose stack     at maybeClose (internal/child_process.js:827:16)
14 verbose stack     at Process.ChildProcess._handle.onexit (internal/child_process.js:211:5)
15 verbose pkgid WebSynthRack@1.0.0
16 verbose cwd /Users/funkrailroad/Desktop/code/SynthRack/Additor/src
17 error Darwin 14.5.0
18 error argv "/usr/local/bin/node" "/usr/local/bin/npm" "run" "build"
19 error node v4.4.5
20 error npm  v3.10.6
21 error code ELIFECYCLE
22 error WebSynthRack@1.0.0 build: `babel src -d lib`
22 error Exit status 2
23 error Failed at the WebSynthRack@1.0.0 build script 'babel src -d lib'.
23 error Make sure you have the latest version of node.js and npm installed.
23 error If you do, this is most likely a problem with the WebSynthRack package,
23 error not with npm itself.
23 error Tell the author that this fails on your system:
23 error     babel src -d lib
23 error You can get information on how to open an issue for this project with:
23 error     npm bugs WebSynthRack
23 error Or if that isn't available, you can get their info via:
23 error     npm owner ls WebSynthRack
23 error There is likely additional logging output above.
24 verbose exit [ 1, true ]
